app/manifest-merger-release-report.txt
-- Merging decision tree log ---
manifest
ADDED from AndroidManifest.xml:2:1
	xmlns:android
		ADDED from AndroidManifest.xml:2:11
	package
		ADDED from AndroidManifest.xml:3:5
		INJECTED from AndroidManifest.xml:0:0
		INJECTED from AndroidManifest.xml:0:0
	android:versionName
		INJECTED from AndroidManifest.xml:0:0
		INJECTED from AndroidManifest.xml:0:0
	android:versionCode
		INJECTED from AndroidManifest.xml:0:0
		INJECTED from AndroidManifest.xml:0:0
uses-permission#android.permission.ACCESS_NETWORK_STATE
ADDED from AndroidManifest.xml:5:5
	android:name
		ADDED from AndroidManifest.xml:5:22
uses-permission#android.permission.INTERNET
ADDED from AndroidManifest.xml:6:5
	android:name
		ADDED from AndroidManifest.xml:6:22
application
ADDED from AndroidManifest.xml:8:5
MERGED from com.android.support:appcompat-v7:21.0.3:16:5
MERGED from com.android.support:support-v4:21.0.3:16:5
MERGED from com.google.android.gms:play-services:6.5.87:20:5
MERGED from com.android.support:support-v4:21.0.3:16:5
	android:label
		ADDED from AndroidManifest.xml:11:9
	android:allowBackup
		ADDED from AndroidManifest.xml:9:9
	android:icon
		ADDED from AndroidManifest.xml:10:9
	android:theme
		ADDED from AndroidManifest.xml:12:9
activity#com.emar.coclevels.MainActivity
ADDED from AndroidManifest.xml:13:9
	android:screenOrientation
		ADDED from AndroidManifest.xml:15:13
	android:label
		ADDED from AndroidManifest.xml:16:13
	android:name
		ADDED from AndroidManifest.xml:14:13
intent-filter#android.intent.action.MAIN+android.intent.category.LAUNCHER
ADDED from AndroidManifest.xml:17:13
action#android.intent.action.MAIN
ADDED from AndroidManifest.xml:18:17
	android:name
		ADDED from AndroidManifest.xml:18:25
category#android.intent.category.LAUNCHER
ADDED from AndroidManifest.xml:20:17
	android:name
		ADDED from AndroidManifest.xml:20:27
activity#com.emar.coclevels.dekorasyon
ADDED from AndroidManifest.xml:23:9
	android:screenOrientation
		ADDED from AndroidManifest.xml:25:13
	android:name
		ADDED from AndroidManifest.xml:24:13
intent-filter#android.intent.category.DEFAULT+com.emar.coclevels.DEKORASYON
ADDED from AndroidManifest.xml:27:13
action#com.emar.coclevels.DEKORASYON
ADDED from AndroidManifest.xml:28:17
	android:name
		ADDED from AndroidManifest.xml:28:25
category#android.intent.category.DEFAULT
ADDED from AndroidManifest.xml:29:17
	android:name
		ADDED from AndroidManifest.xml:29:27
activity#com.emar.coclevels.savunma
ADDED from AndroidManifest.xml:32:9
	android:screenOrientation
		ADDED from AndroidManifest.xml:34:13
	android:name
		ADDED from AndroidManifest.xml:33:13
intent-filter#android.intent.category.DEFAULT+com.emar.coclevels.SAVUNMA
ADDED from AndroidManifest.xml:36:13
action#com.emar.coclevels.SAVUNMA
ADDED from AndroidManifest.xml:37:17
	android:name
		ADDED from AndroidManifest.xml:37:25
activity#com.emar.coclevels.ordu
ADDED from AndroidManifest.xml:41:9
	android:screenOrientation
		ADDED from AndroidManifest.xml:43:13
	android:name
		ADDED from AndroidManifest.xml:42:13
intent-filter#android.intent.category.DEFAULT+com.emar.coclevels.ORDU
ADDED from AndroidManifest.xml:45:13
action#com.emar.coclevels.ORDU
ADDED from AndroidManifest.xml:46:17
	android:name
		ADDED from AndroidManifest.xml:46:25
activity#com.emar.coclevels.kaynak
ADDED from AndroidManifest.xml:50:9
	android:screenOrientation
		ADDED from AndroidManifest.xml:52:13
	android:name
		ADDED from AndroidManifest.xml:51:13
intent-filter#android.intent.category.DEFAULT+com.emar.coclevels.KAYNAK
ADDED from AndroidManifest.xml:54:13
action#com.emar.coclevels.KAYNAK
ADDED from AndroidManifest.xml:55:17
	android:name
		ADDED from AndroidManifest.xml:55:25
activity#com.emar.coclevels.cannon
ADDED from AndroidManifest.xml:59:9
	android:screenOrientation
		ADDED from AndroidManifest.xml:61:13
	android:name
		ADDED from AndroidManifest.xml:60:13
intent-filter#android.intent.category.DEFAULT+com.emar.coclevels.CANNON
ADDED from AndroidManifest.xml:63:13
action#com.emar.coclevels.CANNON
ADDED from AndroidManifest.xml:64:17
	android:name
		ADDED from AndroidManifest.xml:64:25
activity#com.emar.coclevels.OkcuKule
ADDED from AndroidManifest.xml:68:9
	android:screenOrientation
		ADDED from AndroidManifest.xml:70:13
	android:name
		ADDED from AndroidManifest.xml:69:13
intent-filter#android.intent.category.DEFAULT+com.emar.coclevels.OKCUKULE
ADDED from AndroidManifest.xml:72:13
action#com.emar.coclevels.OKCUKULE
ADDED from AndroidManifest.xml:73:17
	android:name
		ADDED from AndroidManifest.xml:73:25
activity#com.emar.coclevels.HavanTopu
ADDED from AndroidManifest.xml:77:9
	android:screenOrientation
		ADDED from AndroidManifest.xml:79:9
	android:name
		ADDED from AndroidManifest.xml:78:9
intent-filter#android.intent.category.DEFAULT+com.emar.coclevels.HAVANTOPU
ADDED from AndroidManifest.xml:81:9
action#com.emar.coclevels.HAVANTOPU
ADDED from AndroidManifest.xml:82:13
	android:name
		ADDED from AndroidManifest.xml:82:21
activity#com.emar.coclevels.Duvar
ADDED from AndroidManifest.xml:86:9
	android:screenOrientation
		ADDED from AndroidManifest.xml:88:13
	android:name
		ADDED from AndroidManifest.xml:87:13
intent-filter#android.intent.category.DEFAULT+com.emar.coclevels.DUVAR
ADDED from AndroidManifest.xml:90:13
action#com.emar.coclevels.DUVAR
ADDED from AndroidManifest.xml:91:17
	android:name
		ADDED from AndroidManifest.xml:91:25
activity#com.emar.coclevels.HavaSavunmasi
ADDED from AndroidManifest.xml:95:9
	android:screenOrientation
		ADDED from AndroidManifest.xml:97:13
	android:name
		ADDED from AndroidManifest.xml:96:13
intent-filter#android.intent.category.DEFAULT+com.emar.coclevels.HAVASAVUNMASI
ADDED from AndroidManifest.xml:99:13
action#com.emar.coclevels.HAVASAVUNMASI
ADDED from AndroidManifest.xml:100:17
	android:name
		ADDED from AndroidManifest.xml:100:25
activity#com.emar.coclevels.Bomba
ADDED from AndroidManifest.xml:104:9
	android:screenOrientation
		ADDED from AndroidManifest.xml:106:13
	android:name
		ADDED from AndroidManifest.xml:105:13
intent-filter#android.intent.category.DEFAULT+com.emar.coclevels.BOMBA
ADDED from AndroidManifest.xml:108:13
action#com.emar.coclevels.BOMBA
ADDED from AndroidManifest.xml:109:17
	android:name
		ADDED from AndroidManifest.xml:109:25
activity#com.emar.coclevels.BuyucuKulesi
ADDED from AndroidManifest.xml:113:9
	android:screenOrientation
		ADDED from AndroidManifest.xml:115:13
	android:name
		ADDED from AndroidManifest.xml:114:13
intent-filter#android.intent.category.DEFAULT+com.emar.coclevels.BUYUCUKULESI
ADDED from AndroidManifest.xml:117:13
action#com.emar.coclevels.BUYUCUKULESI
ADDED from AndroidManifest.xml:118:17
	android:name
		ADDED from AndroidManifest.xml:118:25
activity#com.emar.coclevels.HavaBombasi
ADDED from AndroidManifest.xml:122:9
	android:screenOrientation
		ADDED from AndroidManifest.xml:124:13
	android:name
		ADDED from AndroidManifest.xml:123:13
intent-filter#android.intent.category.DEFAULT+com.emar.coclevels.HAVABOMBASI
ADDED from AndroidManifest.xml:126:13
action#com.emar.coclevels.HAVABOMBASI
ADDED from AndroidManifest.xml:127:17
	android:name
		ADDED from AndroidManifest.xml:127:25
activity#com.emar.coclevels.DevBomba
ADDED from AndroidManifest.xml:131:9
	android:screenOrientation
		ADDED from AndroidManifest.xml:133:13
	android:name
		ADDED from AndroidManifest.xml:132:13
intent-filter#android.intent.category.DEFAULT+com.emar.coclevels.DEVBOMBA
ADDED from AndroidManifest.xml:135:13
action#com.emar.coclevels.DEVBOMBA
ADDED from AndroidManifest.xml:136:17
	android:name
		ADDED from AndroidManifest.xml:136:25
activity#com.emar.coclevels.GudumluHavaBombasi
ADDED from AndroidManifest.xml:140:9
	android:screenOrientation
		ADDED from AndroidManifest.xml:142:13
	android:name
		ADDED from AndroidManifest.xml:141:13
intent-filter#android.intent.category.DEFAULT+com.emar.coclevels.GUDUMLUHAVABOMBASI
ADDED from AndroidManifest.xml:144:13
action#com.emar.coclevels.GUDUMLUHAVABOMBASI
ADDED from AndroidManifest.xml:145:17
	android:name
		ADDED from AndroidManifest.xml:145:25
activity#com.emar.coclevels.Tesla
ADDED from AndroidManifest.xml:149:9
	android:screenOrientation
		ADDED from AndroidManifest.xml:151:9
	android:name
		ADDED from AndroidManifest.xml:150:9
intent-filter#android.intent.category.DEFAULT+com.emar.coclevels.TESLA
ADDED from AndroidManifest.xml:153:9
action#com.emar.coclevels.TESLA
ADDED from AndroidManifest.xml:154:13
	android:name
		ADDED from AndroidManifest.xml:154:21
activity#com.emar.coclevels.Mezarci
ADDED from AndroidManifest.xml:158:9
	android:screenOrientation
		ADDED from AndroidManifest.xml:160:13
	android:name
		ADDED from AndroidManifest.xml:159:13
intent-filter#android.intent.category.DEFAULT+com.emar.coclevels.MEZARCI
ADDED from AndroidManifest.xml:162:13
action#com.emar.coclevels.MEZARCI
ADDED from AndroidManifest.xml:163:17
	android:name
		ADDED from AndroidManifest.xml:163:25
activity#com.emar.coclevels.XBow
ADDED from AndroidManifest.xml:167:9
	android:screenOrientation
		ADDED from AndroidManifest.xml:169:13
	android:name
		ADDED from AndroidManifest.xml:168:13
intent-filter#android.intent.category.DEFAULT+com.emar.coclevels.XBOW
ADDED from AndroidManifest.xml:171:13
action#com.emar.coclevels.XBOW
ADDED from AndroidManifest.xml:172:17
	android:name
		ADDED from AndroidManifest.xml:172:25
activity#com.emar.coclevels.CehennemKulesi
ADDED from AndroidManifest.xml:176:9
	android:screenOrientation
		ADDED from AndroidManifest.xml:178:13
	android:name
		ADDED from AndroidManifest.xml:177:13
intent-filter#android.intent.category.DEFAULT+com.emar.coclevels.CEHENNEMKULESI
ADDED from AndroidManifest.xml:180:13
action#com.emar.coclevels.CEHENNEMKULESI
ADDED from AndroidManifest.xml:181:17
	android:name
		ADDED from AndroidManifest.xml:181:25
activity#com.emar.coclevels.Kisla
ADDED from AndroidManifest.xml:185:9
	android:screenOrientation
		ADDED from AndroidManifest.xml:187:13
	android:name
		ADDED from AndroidManifest.xml:186:13
intent-filter#android.intent.category.DEFAULT+com.emar.coclevels.KISLA
ADDED from AndroidManifest.xml:189:13
action#com.emar.coclevels.KISLA
ADDED from AndroidManifest.xml:190:17
	android:name
		ADDED from AndroidManifest.xml:190:25
activity#com.emar.coclevels.Labrotuvar
ADDED from AndroidManifest.xml:194:9
	android:screenOrientation
		ADDED from AndroidManifest.xml:196:13
	android:name
		ADDED from AndroidManifest.xml:195:13
intent-filter#android.intent.category.DEFAULT+com.emar.coclevels.LABROTUVAR
ADDED from AndroidManifest.xml:198:13
action#com.emar.coclevels.LABROTUVAR
ADDED from AndroidManifest.xml:199:17
	android:name
		ADDED from AndroidManifest.xml:199:25
activity#com.emar.coclevels.BuyuFabrikasi
ADDED from AndroidManifest.xml:203:9
	android:screenOrientation
		ADDED from AndroidManifest.xml:205:13
	android:name
		ADDED from AndroidManifest.xml:204:13
intent-filter#android.intent.category.DEFAULT+com.emar.coclevels.BUYUFABRIKASI
ADDED from AndroidManifest.xml:207:13
action#com.emar.coclevels.BUYUFABRIKASI
ADDED from AndroidManifest.xml:208:17
	android:name
		ADDED from AndroidManifest.xml:208:25
activity#com.emar.coclevels.BarbarKral
ADDED from AndroidManifest.xml:212:9
	android:screenOrientation
		ADDED from AndroidManifest.xml:214:13
	android:name
		ADDED from AndroidManifest.xml:213:13
intent-filter#android.intent.category.DEFAULT+com.emar.coclevels.BARBARKRAL
ADDED from AndroidManifest.xml:216:13
action#com.emar.coclevels.BARBARKRAL
ADDED from AndroidManifest.xml:217:17
	android:name
		ADDED from AndroidManifest.xml:217:25
activity#com.emar.coclevels.KaraKisla
ADDED from AndroidManifest.xml:221:9
	android:screenOrientation
		ADDED from AndroidManifest.xml:223:13
	android:name
		ADDED from AndroidManifest.xml:222:13
intent-filter#android.intent.category.DEFAULT+com.emar.coclevels.KARAKISLA
ADDED from AndroidManifest.xml:225:13
action#com.emar.coclevels.KARAKISLA
ADDED from AndroidManifest.xml:226:17
	android:name
		ADDED from AndroidManifest.xml:226:25
activity#com.emar.coclevels.OkcuKralice
ADDED from AndroidManifest.xml:230:9
	android:screenOrientation
		ADDED from AndroidManifest.xml:232:13
	android:name
		ADDED from AndroidManifest.xml:231:13
intent-filter#android.intent.category.DEFAULT+com.emar.coclevels.OKCUKRALICE
ADDED from AndroidManifest.xml:234:13
action#com.emar.coclevels.OKCUKRALICE
ADDED from AndroidManifest.xml:235:17
	android:name
		ADDED from AndroidManifest.xml:235:25
activity#com.emar.coclevels.IksirToplayici
ADDED from AndroidManifest.xml:239:9
	android:screenOrientation
		ADDED from AndroidManifest.xml:241:13
	android:name
		ADDED from AndroidManifest.xml:240:13
intent-filter#android.intent.category.DEFAULT+com.emar.coclevels.IKSIRTOPLAYICI
ADDED from AndroidManifest.xml:243:13
action#com.emar.coclevels.IKSIRTOPLAYICI
ADDED from AndroidManifest.xml:244:17
	android:name
		ADDED from AndroidManifest.xml:244:25
activity#com.emar.coclevels.IksirDeposu
ADDED from AndroidManifest.xml:248:9
	android:screenOrientation
		ADDED from AndroidManifest.xml:250:13
	android:name
		ADDED from AndroidManifest.xml:249:13
intent-filter#android.intent.category.DEFAULT+com.emar.coclevels.IKSIRDEPOSU
ADDED from AndroidManifest.xml:252:13
action#com.emar.coclevels.IKSIRDEPOSU
ADDED from AndroidManifest.xml:253:17
	android:name
		ADDED from AndroidManifest.xml:253:25
activity#com.emar.coclevels.AltinMadeni
ADDED from AndroidManifest.xml:257:9
	android:screenOrientation
		ADDED from AndroidManifest.xml:259:13
	android:name
		ADDED from AndroidManifest.xml:258:13
intent-filter#android.intent.category.DEFAULT+com.emar.coclevels.ALTINMADENI
ADDED from AndroidManifest.xml:261:13
action#com.emar.coclevels.ALTINMADENI
ADDED from AndroidManifest.xml:262:17
	android:name
		ADDED from AndroidManifest.xml:262:25
activity#com.emar.coclevels.AltinDeposu
ADDED from AndroidManifest.xml:266:9
	android:screenOrientation
		ADDED from AndroidManifest.xml:268:13
	android:name
		ADDED from AndroidManifest.xml:267:13
intent-filter#android.intent.category.DEFAULT+com.emar.coclevels.ALTINDEPOSU
ADDED from AndroidManifest.xml:270:13
action#com.emar.coclevels.ALTINDEPOSU
ADDED from AndroidManifest.xml:271:17
	android:name
		ADDED from AndroidManifest.xml:271:25
activity#com.emar.coclevels.KaraIksirSondasi
ADDED from AndroidManifest.xml:275:9
	android:screenOrientation
		ADDED from AndroidManifest.xml:277:13
	android:name
		ADDED from AndroidManifest.xml:276:13
intent-filter#android.intent.category.DEFAULT+com.emar.coclevels.KARAIKSIRSONDASI
ADDED from AndroidManifest.xml:279:13
action#com.emar.coclevels.KARAIKSIRSONDASI
ADDED from AndroidManifest.xml:280:17
	android:name
		ADDED from AndroidManifest.xml:280:25
activity#com.emar.coclevels.KaraIksirDeposu
ADDED from AndroidManifest.xml:284:9
	android:screenOrientation
		ADDED from AndroidManifest.xml:286:13
	android:name
		ADDED from AndroidManifest.xml:285:13
intent-filter#android.intent.category.DEFAULT+com.emar.coclevels.KARAIKSIRDEPOSU
ADDED from AndroidManifest.xml:288:13
action#com.emar.coclevels.KARAIKSIRDEPOSU
ADDED from AndroidManifest.xml:289:17
	android:name
		ADDED from AndroidManifest.xml:289:25
activity#com.emar.coclevels.Barbar
ADDED from AndroidManifest.xml:293:9
	android:screenOrientation
		ADDED from AndroidManifest.xml:295:13
	android:name
		ADDED from AndroidManifest.xml:294:13
intent-filter#android.intent.category.DEFAULT+com.emar.coclevels.BARBAR
ADDED from AndroidManifest.xml:297:13
action#com.emar.coclevels.BARBAR
ADDED from AndroidManifest.xml:298:17
	android:name
		ADDED from AndroidManifest.xml:298:25
activity#com.emar.coclevels.Okcu
ADDED from AndroidManifest.xml:301:28
	android:screenOrientation
		ADDED from AndroidManifest.xml:303:9
	android:name
		ADDED from AndroidManifest.xml:302:9
intent-filter#android.intent.category.DEFAULT+com.emar.coclevels.OKCU
ADDED from AndroidManifest.xml:305:9
action#com.emar.coclevels.OKCU
ADDED from AndroidManifest.xml:306:13
	android:name
		ADDED from AndroidManifest.xml:306:21
activity#com.emar.coclevels.Dev
ADDED from AndroidManifest.xml:310:9
	android:screenOrientation
		ADDED from AndroidManifest.xml:312:13
	android:name
		ADDED from AndroidManifest.xml:311:13
intent-filter#android.intent.category.DEFAULT+com.emar.coclevels.DEV
ADDED from AndroidManifest.xml:314:13
action#com.emar.coclevels.DEV
ADDED from AndroidManifest.xml:315:17
	android:name
		ADDED from AndroidManifest.xml:315:25
activity#com.emar.coclevels.Goblin
ADDED from AndroidManifest.xml:319:9
	android:screenOrientation
		ADDED from AndroidManifest.xml:321:13
	android:name
		ADDED from AndroidManifest.xml:320:13
intent-filter#android.intent.category.DEFAULT+com.emar.coclevels.GOBLIN
ADDED from AndroidManifest.xml:323:13
action#com.emar.coclevels.GOBLIN
ADDED from AndroidManifest.xml:324:17
	android:name
		ADDED from AndroidManifest.xml:324:25
activity#com.emar.coclevels.DuvarYikici
ADDED from AndroidManifest.xml:328:9
	android:screenOrientation
		ADDED from AndroidManifest.xml:330:13
	android:name
		ADDED from AndroidManifest.xml:329:13
intent-filter#android.intent.category.DEFAULT+com.emar.coclevels.DUVARYIKICI
ADDED from AndroidManifest.xml:332:13
action#com.emar.coclevels.DUVARYIKICI
ADDED from AndroidManifest.xml:333:17
	android:name
		ADDED from AndroidManifest.xml:333:25
activity#com.emar.coclevels.Balon
ADDED from AndroidManifest.xml:337:9
	android:screenOrientation
		ADDED from AndroidManifest.xml:339:13
	android:name
		ADDED from AndroidManifest.xml:338:13
intent-filter#android.intent.category.DEFAULT+com.emar.coclevels.BALON
ADDED from AndroidManifest.xml:341:13
action#com.emar.coclevels.BALON
ADDED from AndroidManifest.xml:342:17
	android:name
		ADDED from AndroidManifest.xml:342:25
activity#com.emar.coclevels.Buyucu
ADDED from AndroidManifest.xml:346:9
	android:screenOrientation
		ADDED from AndroidManifest.xml:348:13
	android:name
		ADDED from AndroidManifest.xml:347:13
intent-filter#android.intent.category.DEFAULT+com.emar.coclevels.BUYUCU
ADDED from AndroidManifest.xml:350:13
action#com.emar.coclevels.BUYUCU
ADDED from AndroidManifest.xml:351:17
	android:name
		ADDED from AndroidManifest.xml:351:25
activity#com.emar.coclevels.Melek
ADDED from AndroidManifest.xml:355:9
	android:screenOrientation
		ADDED from AndroidManifest.xml:357:13
	android:name
		ADDED from AndroidManifest.xml:356:13
intent-filter#android.intent.category.DEFAULT+com.emar.coclevels.MELEK
ADDED from AndroidManifest.xml:359:13
action#com.emar.coclevels.MELEK
ADDED from AndroidManifest.xml:360:17
	android:name
		ADDED from AndroidManifest.xml:360:25
activity#com.emar.coclevels.Ejder
ADDED from AndroidManifest.xml:364:9
	android:screenOrientation
		ADDED from AndroidManifest.xml:366:13
	android:name
		ADDED from AndroidManifest.xml:365:13
intent-filter#android.intent.category.DEFAULT+com.emar.coclevels.EJDER
ADDED from AndroidManifest.xml:368:13
action#com.emar.coclevels.EJDER
ADDED from AndroidManifest.xml:369:17
	android:name
		ADDED from AndroidManifest.xml:369:25
activity#com.emar.coclevels.Pekka
ADDED from AndroidManifest.xml:373:9
	android:screenOrientation
		ADDED from AndroidManifest.xml:375:13
	android:name
		ADDED from AndroidManifest.xml:374:13
intent-filter#android.intent.category.DEFAULT+com.emar.coclevels.PEKKA
ADDED from AndroidManifest.xml:377:13
action#com.emar.coclevels.PEKKA
ADDED from AndroidManifest.xml:378:17
	android:name
		ADDED from AndroidManifest.xml:378:25
activity#com.emar.coclevels.Asker
ADDED from AndroidManifest.xml:382:9
	android:screenOrientation
		ADDED from AndroidManifest.xml:384:13
	android:name
		ADDED from AndroidManifest.xml:383:13
intent-filter#android.intent.category.DEFAULT+com.emar.coclevels.ASKER
ADDED from AndroidManifest.xml:386:13
action#com.emar.coclevels.ASKER
ADDED from AndroidManifest.xml:387:17
	android:name
		ADDED from AndroidManifest.xml:387:25
activity#com.emar.coclevels.Dalkavuk
ADDED from AndroidManifest.xml:391:5
	android:screenOrientation
		ADDED from AndroidManifest.xml:393:9
	android:name
		ADDED from AndroidManifest.xml:392:9
intent-filter#android.intent.category.DEFAULT+com.emar.coclevels.DALKAVUK
ADDED from AndroidManifest.xml:395:9
action#com.emar.coclevels.DALKAVUK
ADDED from AndroidManifest.xml:396:13
	android:name
		ADDED from AndroidManifest.xml:396:21
activity#com.emar.coclevels.DonenKadin
ADDED from AndroidManifest.xml:400:9
	android:screenOrientation
		ADDED from AndroidManifest.xml:402:13
	android:name
		ADDED from AndroidManifest.xml:401:13
intent-filter#android.intent.category.DEFAULT+com.emar.coclevels.DONENKADIN
ADDED from AndroidManifest.xml:404:13
action#com.emar.coclevels.DONENKADIN
ADDED from AndroidManifest.xml:405:17
	android:name
		ADDED from AndroidManifest.xml:405:25
activity#com.emar.coclevels.DomuzBinicisi
ADDED from AndroidManifest.xml:409:9
	android:screenOrientation
		ADDED from AndroidManifest.xml:411:13
	android:name
		ADDED from AndroidManifest.xml:410:13
intent-filter#android.intent.category.DEFAULT+com.emar.coclevels.DOMUZBINICISI
ADDED from AndroidManifest.xml:413:13
action#com.emar.coclevels.DOMUZBINICISI
ADDED from AndroidManifest.xml:414:17
	android:name
		ADDED from AndroidManifest.xml:414:25
activity#com.emar.coclevels.Golem
ADDED from AndroidManifest.xml:418:9
	android:screenOrientation
		ADDED from AndroidManifest.xml:420:13
	android:name
		ADDED from AndroidManifest.xml:419:13
intent-filter#android.intent.category.DEFAULT+com.emar.coclevels.GOLEM
ADDED from AndroidManifest.xml:422:13
action#com.emar.coclevels.GOLEM
ADDED from AndroidManifest.xml:423:17
	android:name
		ADDED from AndroidManifest.xml:423:25
activity#com.emar.coclevels.MezarciAnasi
ADDED from AndroidManifest.xml:427:9
	android:screenOrientation
		ADDED from AndroidManifest.xml:429:13
	android:name
		ADDED from AndroidManifest.xml:428:13
intent-filter#android.intent.category.DEFAULT+com.emar.coclevels.MEZARCIANASI
ADDED from AndroidManifest.xml:431:13
action#com.emar.coclevels.MEZARCIANASI
ADDED from AndroidManifest.xml:432:17
	android:name
		ADDED from AndroidManifest.xml:432:25
activity#com.emar.coclevels.HavayaSaldiran
ADDED from AndroidManifest.xml:436:9
	android:screenOrientation
		ADDED from AndroidManifest.xml:438:13
	android:name
		ADDED from AndroidManifest.xml:437:13
intent-filter#android.intent.category.DEFAULT+com.emar.coclevels.HAVAYASALDIRAN
ADDED from AndroidManifest.xml:440:13
action#com.emar.coclevels.HAVAYASALDIRAN
ADDED from AndroidManifest.xml:441:17
	android:name
		ADDED from AndroidManifest.xml:441:25
activity#com.emar.coclevels.kamp
ADDED from AndroidManifest.xml:445:9
	android:screenOrientation
		ADDED from AndroidManifest.xml:447:13
	android:name
		ADDED from AndroidManifest.xml:446:13
intent-filter#android.intent.category.DEFAULT+com.emar.coclevels.KAMP
ADDED from AndroidManifest.xml:449:13
action#com.emar.coclevels.KAMP
ADDED from AndroidManifest.xml:450:17
	android:name
		ADDED from AndroidManifest.xml:450:25
meta-data#com.google.android.gms.version
ADDED from AndroidManifest.xml:455:9
MERGED from com.google.android.gms:play-services:6.5.87:21:9
	android:name
		ADDED from AndroidManifest.xml:456:13
	android:value
		ADDED from AndroidManifest.xml:457:13
activity#com.google.android.gms.ads.AdActivity
ADDED from AndroidManifest.xml:458:9
	android:configChanges
		ADDED from AndroidManifest.xml:460:13
	android:name
		ADDED from AndroidManifest.xml:459:13
uses-sdk
INJECTED from AndroidManifest.xml:0:0 reason: use-sdk injection requested
MERGED from com.android.support:appcompat-v7:21.0.3:15:5
MERGED from com.android.support:support-v4:21.0.3:15:5
MERGED from com.google.android.gms:play-services:6.5.87:18:5
MERGED from com.android.support:support-v4:21.0.3:15:5
	android:targetSdkVersion
		INJECTED from AndroidManifest.xml:0:0
		INJECTED from AndroidManifest.xml:0:0
	android:minSdkVersion
		INJECTED from AndroidManifest.xml:0:0
		INJECTED from AndroidManifest.xml:0:0